{"/home/hacker/work/frontend-project-46/src/parse/parseJSON.js": {"path":"/home/hacker/work/frontend-project-46/src/parse/parseJSON.js","all":false,"statementMap":{"0":{"start":{"line":1,"column":0},"end":{"line":1,"column":38}},"1":{"start":{"line":2,"column":0},"end":{"line":2,"column":36}},"2":{"start":{"line":3,"column":0},"end":{"line":3,"column":36}},"3":{"start":{"line":4,"column":0},"end":{"line":4,"column":0}},"4":{"start":{"line":5,"column":0},"end":{"line":5,"column":35}},"5":{"start":{"line":6,"column":0},"end":{"line":6,"column":35}},"6":{"start":{"line":7,"column":0},"end":{"line":7,"column":0}},"7":{"start":{"line":8,"column":0},"end":{"line":8,"column":20}},"8":{"start":{"line":9,"column":0},"end":{"line":9,"column":0}},"9":{"start":{"line":10,"column":0},"end":{"line":10,"column":53}},"10":{"start":{"line":11,"column":0},"end":{"line":11,"column":24}},"11":{"start":{"line":12,"column":0},"end":{"line":12,"column":49}},"12":{"start":{"line":13,"column":0},"end":{"line":13,"column":48}},"13":{"start":{"line":14,"column":0},"end":{"line":14,"column":40}},"14":{"start":{"line":15,"column":0},"end":{"line":15,"column":9}},"15":{"start":{"line":16,"column":0},"end":{"line":16,"column":5}},"16":{"start":{"line":17,"column":0},"end":{"line":17,"column":0}},"17":{"start":{"line":18,"column":0},"end":{"line":18,"column":33}},"18":{"start":{"line":19,"column":0},"end":{"line":19,"column":67}},"19":{"start":{"line":20,"column":0},"end":{"line":20,"column":44}},"20":{"start":{"line":21,"column":0},"end":{"line":21,"column":57}},"21":{"start":{"line":22,"column":0},"end":{"line":22,"column":57}},"22":{"start":{"line":23,"column":0},"end":{"line":23,"column":46}},"23":{"start":{"line":24,"column":0},"end":{"line":24,"column":57}},"24":{"start":{"line":25,"column":0},"end":{"line":25,"column":13}},"25":{"start":{"line":26,"column":0},"end":{"line":26,"column":10}},"26":{"start":{"line":27,"column":0},"end":{"line":27,"column":8}},"27":{"start":{"line":28,"column":0},"end":{"line":28,"column":67}},"28":{"start":{"line":29,"column":0},"end":{"line":29,"column":53}},"29":{"start":{"line":30,"column":0},"end":{"line":30,"column":9}},"30":{"start":{"line":31,"column":0},"end":{"line":31,"column":0}},"31":{"start":{"line":32,"column":0},"end":{"line":32,"column":67}},"32":{"start":{"line":33,"column":0},"end":{"line":33,"column":53}},"33":{"start":{"line":34,"column":0},"end":{"line":34,"column":9}},"34":{"start":{"line":35,"column":0},"end":{"line":35,"column":6}},"35":{"start":{"line":36,"column":0},"end":{"line":36,"column":0}},"36":{"start":{"line":37,"column":0},"end":{"line":37,"column":43}},"37":{"start":{"line":38,"column":0},"end":{"line":38,"column":17}},"38":{"start":{"line":39,"column":0},"end":{"line":39,"column":2}}},"s":{"0":1,"1":2,"2":2,"3":2,"4":2,"5":2,"6":2,"7":2,"8":2,"9":2,"10":2,"11":2,"12":14,"13":10,"14":10,"15":14,"16":2,"17":2,"18":10,"19":4,"20":3,"21":3,"22":4,"23":1,"24":1,"25":4,"26":10,"27":10,"28":3,"29":3,"30":10,"31":10,"32":3,"33":3,"34":2,"35":2,"36":2,"37":2,"38":2},"branchMap":{"0":{"type":"branch","line":1,"loc":{"start":{"line":1,"column":15},"end":{"line":39,"column":2}},"locations":[{"start":{"line":1,"column":15},"end":{"line":39,"column":2}}]},"1":{"type":"branch","line":12,"loc":{"start":{"line":12,"column":48},"end":{"line":16,"column":5}},"locations":[{"start":{"line":12,"column":48},"end":{"line":16,"column":5}}]},"2":{"type":"branch","line":13,"loc":{"start":{"line":13,"column":47},"end":{"line":15,"column":9}},"locations":[{"start":{"line":13,"column":47},"end":{"line":15,"column":9}}]},"3":{"type":"branch","line":18,"loc":{"start":{"line":18,"column":24},"end":{"line":35,"column":5}},"locations":[{"start":{"line":18,"column":24},"end":{"line":35,"column":5}}]},"4":{"type":"branch","line":19,"loc":{"start":{"line":19,"column":36},"end":{"line":19,"column":64}},"locations":[{"start":{"line":19,"column":36},"end":{"line":19,"column":64}}]},"5":{"type":"branch","line":19,"loc":{"start":{"line":19,"column":66},"end":{"line":26,"column":10}},"locations":[{"start":{"line":19,"column":66},"end":{"line":26,"column":10}}]},"6":{"type":"branch","line":20,"loc":{"start":{"line":20,"column":43},"end":{"line":23,"column":14}},"locations":[{"start":{"line":20,"column":43},"end":{"line":23,"column":14}}]},"7":{"type":"branch","line":23,"loc":{"start":{"line":23,"column":45},"end":{"line":25,"column":13}},"locations":[{"start":{"line":23,"column":45},"end":{"line":25,"column":13}}]},"8":{"type":"branch","line":28,"loc":{"start":{"line":28,"column":36},"end":{"line":28,"column":64}},"locations":[{"start":{"line":28,"column":36},"end":{"line":28,"column":64}}]},"9":{"type":"branch","line":28,"loc":{"start":{"line":28,"column":66},"end":{"line":30,"column":9}},"locations":[{"start":{"line":28,"column":66},"end":{"line":30,"column":9}}]},"10":{"type":"branch","line":32,"loc":{"start":{"line":32,"column":36},"end":{"line":32,"column":64}},"locations":[{"start":{"line":32,"column":36},"end":{"line":32,"column":64}}]},"11":{"type":"branch","line":32,"loc":{"start":{"line":32,"column":66},"end":{"line":34,"column":9}},"locations":[{"start":{"line":32,"column":66},"end":{"line":34,"column":9}}]}},"b":{"0":[2],"1":[14],"2":[10],"3":[10],"4":[7],"5":[4],"6":[3],"7":[1],"8":[7],"9":[3],"10":[3],"11":[3]},"fnMap":{"0":{"name":"default","decl":{"start":{"line":1,"column":15},"end":{"line":39,"column":2}},"loc":{"start":{"line":1,"column":15},"end":{"line":39,"column":2}},"line":1}},"f":{"0":2}}
}
