TN:
SF:src/parse/parseJSON.js
FN:1,default
FNF:1
FNH:1
FNDA:2,default
DA:1,1
DA:2,2
DA:3,2
DA:4,2
DA:5,2
DA:6,2
DA:7,2
DA:8,2
DA:9,2
DA:10,2
DA:11,2
DA:12,2
DA:13,14
DA:14,10
DA:15,10
DA:16,14
DA:17,2
DA:18,2
DA:19,10
DA:20,4
DA:21,3
DA:22,3
DA:23,4
DA:24,1
DA:25,1
DA:26,4
DA:27,10
DA:28,10
DA:29,3
DA:30,3
DA:31,10
DA:32,10
DA:33,3
DA:34,3
DA:35,2
DA:36,2
DA:37,2
DA:38,2
DA:39,2
LF:39
LH:39
BRDA:1,0,0,2
BRDA:12,1,0,14
BRDA:13,2,0,10
BRDA:18,3,0,10
BRDA:19,4,0,7
BRDA:19,5,0,4
BRDA:20,6,0,3
BRDA:23,7,0,1
BRDA:28,8,0,7
BRDA:28,9,0,3
BRDA:32,10,0,3
BRDA:32,11,0,3
BRF:12
BRH:12
end_of_record
